c:\users\user\source\repos\courceworktry\courceworktry\x64\debug\vc143.pdb
c:\users\user\source\repos\courceworktry\courceworktry\x64\debug\vc143.idb
c:\users\user\source\repos\courceworktry\courceworktry\x64\debug\clock.obj
c:\users\user\source\repos\courceworktry\courceworktry\x64\debug\source.obj
c:\users\user\source\repos\courceworktry\courceworktry\x64\debug\helloes.obj
c:\users\dev\desktop\052023\cpp_exam\courceworktry\x64\debug\vc143.pdb
c:\users\dev\desktop\052023\cpp_exam\courceworktry\x64\debug\vc143.idb
c:\users\dev\desktop\052023\cpp_exam\courceworktry\x64\debug\clock.obj
c:\users\dev\desktop\052023\cpp_exam\courceworktry\x64\debug\helloes.obj
c:\users\dev\desktop\052023\cpp_exam\courceworktry\x64\debug\source.obj
c:\users\user\source\repos\courceworktry\x64\debug\courceworktry.exe
c:\users\user\source\repos\courceworktry\courceworktry\x64\debug\courceworktry.ilk
c:\users\user\source\repos\courceworktry\x64\debug\courceworktry.pdb
c:\users\dev\desktop\052023\cpp_exam\courceworktry\x64\debug\courceworktry.ilk
c:\users\dev\desktop\052023\cpp_exam\x64\debug\courceworktry.pdb
c:\users\dev\desktop\052023\cpp_exam\x64\debug\courceworktry.exe
c:\users\dev\desktop\052023\cpp_exam\courceworktry\x64\debug\courceworktry.tlog\cl.command.1.tlog
c:\users\dev\desktop\052023\cpp_exam\courceworktry\x64\debug\courceworktry.tlog\cl.read.1.tlog
c:\users\dev\desktop\052023\cpp_exam\courceworktry\x64\debug\courceworktry.tlog\cl.write.1.tlog
c:\users\dev\desktop\052023\cpp_exam\courceworktry\x64\debug\courceworktry.tlog\link.command.1.tlog
c:\users\dev\desktop\052023\cpp_exam\courceworktry\x64\debug\courceworktry.tlog\link.read.1.tlog
c:\users\dev\desktop\052023\cpp_exam\courceworktry\x64\debug\courceworktry.tlog\link.write.1.tlog
