  Func.cpp
C:\Users\User\source\repos\CourceWorkTry\CourceWorkTry\Func.h(4,9): error C3646: 'task': unknown override specifier
C:\Users\User\source\repos\CourceWorkTry\CourceWorkTry\Func.h(4,13): error C4430: missing type specifier - int assumed. Note: C++ does not support default-int
C:\Users\User\source\repos\CourceWorkTry\CourceWorkTry\Func.h(5,9): error C3646: 'description': unknown override specifier
C:\Users\User\source\repos\CourceWorkTry\CourceWorkTry\Func.h(5,20): error C4430: missing type specifier - int assumed. Note: C++ does not support default-int
C:\Users\User\source\repos\CourceWorkTry\CourceWorkTry\Func.h(6,9): error C3646: 'date_todo': unknown override specifier
C:\Users\User\source\repos\CourceWorkTry\CourceWorkTry\Func.h(6,18): error C4430: missing type specifier - int assumed. Note: C++ does not support default-int
C:\Users\User\source\repos\CourceWorkTry\CourceWorkTry\Func.h(7,9): error C3646: 'time_todo': unknown override specifier
C:\Users\User\source\repos\CourceWorkTry\CourceWorkTry\Func.h(7,18): error C4430: missing type specifier - int assumed. Note: C++ does not support default-int
C:\Users\User\source\repos\CourceWorkTry\CourceWorkTry\Func.h(8,9): error C3646: 'priority': unknown override specifier
C:\Users\User\source\repos\CourceWorkTry\CourceWorkTry\Func.h(8,17): error C4430: missing type specifier - int assumed. Note: C++ does not support default-int
C:\Users\User\source\repos\CourceWorkTry\CourceWorkTry\Func.h(11,13): error C4430: missing type specifier - int assumed. Note: C++ does not support default-int
C:\Users\User\source\repos\CourceWorkTry\CourceWorkTry\Func.h(11,9): error C2146: syntax error: missing ';' before identifier 'file'
C:\Users\User\source\repos\CourceWorkTry\CourceWorkTry\Func.cpp(15,20): error C2039: 'task': is not a member of 'Todo'
C:\Users\User\source\repos\CourceWorkTry\CourceWorkTry\Func.h(3,8): message : see declaration of 'Todo'
C:\Users\User\source\repos\CourceWorkTry\CourceWorkTry\Func.cpp(15,2): error C2672: 'getline': no matching overloaded function found
C:\Program Files\Microsoft Visual Studio\2022\Community\VC\Tools\MSVC\14.35.32215\include\string(83,32): message : could be 'std::basic_istream<_Elem,_Traits> &std::getline(std::basic_istream<_Elem,_Traits> &,std::basic_string<_Elem,_Traits,_Alloc> &)'
C:\Users\User\source\repos\CourceWorkTry\CourceWorkTry\Func.cpp(15,2): message : 'std::basic_istream<_Elem,_Traits> &std::getline(std::basic_istream<_Elem,_Traits> &,std::basic_string<_Elem,_Traits,_Alloc> &)': expects 2 arguments - 1 provided
C:\Program Files\Microsoft Visual Studio\2022\Community\VC\Tools\MSVC\14.35.32215\include\string(76,32): message : or       'std::basic_istream<_Elem,_Traits> &std::getline(std::basic_istream<_Elem,_Traits> &,std::basic_string<_Elem,_Traits,_Alloc> &,const _Elem)'
C:\Users\User\source\repos\CourceWorkTry\CourceWorkTry\Func.cpp(15,2): message : 'std::basic_istream<_Elem,_Traits> &std::getline(std::basic_istream<_Elem,_Traits> &,std::basic_string<_Elem,_Traits,_Alloc> &,const _Elem)': expects 3 arguments - 1 provided
C:\Program Files\Microsoft Visual Studio\2022\Community\VC\Tools\MSVC\14.35.32215\include\string(69,32): message : or       'std::basic_istream<_Elem,_Traits> &std::getline(std::basic_istream<_Elem,_Traits> &&,std::basic_string<_Elem,_Traits,_Alloc> &)'
C:\Users\User\source\repos\CourceWorkTry\CourceWorkTry\Func.cpp(15,2): message : 'std::basic_istream<_Elem,_Traits> &std::getline(std::basic_istream<_Elem,_Traits> &&,std::basic_string<_Elem,_Traits,_Alloc> &)': expects 2 arguments - 1 provided
C:\Program Files\Microsoft Visual Studio\2022\Community\VC\Tools\MSVC\14.35.32215\include\string(26,32): message : or       'std::basic_istream<_Elem,_Traits> &std::getline(std::basic_istream<_Elem,_Traits> &&,std::basic_string<_Elem,_Traits,_Alloc> &,const _Elem)'
C:\Users\User\source\repos\CourceWorkTry\CourceWorkTry\Func.cpp(15,2): message : 'std::basic_istream<_Elem,_Traits> &std::getline(std::basic_istream<_Elem,_Traits> &&,std::basic_string<_Elem,_Traits,_Alloc> &,const _Elem)': expects 3 arguments - 1 provided
C:\Users\User\source\repos\CourceWorkTry\CourceWorkTry\Func.cpp(16,2): error C2065: 'file': undeclared identifier
C:\Users\User\source\repos\CourceWorkTry\CourceWorkTry\Func.cpp(17,2): error C2065: 'file': undeclared identifier
C:\Users\User\source\repos\CourceWorkTry\CourceWorkTry\Func.cpp(17,15): error C2039: 'task': is not a member of 'Todo'
C:\Users\User\source\repos\CourceWorkTry\CourceWorkTry\Func.h(3,8): message : see declaration of 'Todo'
C:\Users\User\source\repos\CourceWorkTry\CourceWorkTry\Func.cpp(19,20): error C2039: 'description': is not a member of 'Todo'
C:\Users\User\source\repos\CourceWorkTry\CourceWorkTry\Func.h(3,8): message : see declaration of 'Todo'
C:\Users\User\source\repos\CourceWorkTry\CourceWorkTry\Func.cpp(19,2): error C2672: 'getline': no matching overloaded function found
C:\Program Files\Microsoft Visual Studio\2022\Community\VC\Tools\MSVC\14.35.32215\include\string(83,32): message : could be 'std::basic_istream<_Elem,_Traits> &std::getline(std::basic_istream<_Elem,_Traits> &,std::basic_string<_Elem,_Traits,_Alloc> &)'
C:\Users\User\source\repos\CourceWorkTry\CourceWorkTry\Func.cpp(19,2): message : 'std::basic_istream<_Elem,_Traits> &std::getline(std::basic_istream<_Elem,_Traits> &,std::basic_string<_Elem,_Traits,_Alloc> &)': expects 2 arguments - 1 provided
C:\Program Files\Microsoft Visual Studio\2022\Community\VC\Tools\MSVC\14.35.32215\include\string(76,32): message : or       'std::basic_istream<_Elem,_Traits> &std::getline(std::basic_istream<_Elem,_Traits> &,std::basic_string<_Elem,_Traits,_Alloc> &,const _Elem)'
C:\Users\User\source\repos\CourceWorkTry\CourceWorkTry\Func.cpp(19,2): message : 'std::basic_istream<_Elem,_Traits> &std::getline(std::basic_istream<_Elem,_Traits> &,std::basic_string<_Elem,_Traits,_Alloc> &,const _Elem)': expects 3 arguments - 1 provided
C:\Program Files\Microsoft Visual Studio\2022\Community\VC\Tools\MSVC\14.35.32215\include\string(69,32): message : or       'std::basic_istream<_Elem,_Traits> &std::getline(std::basic_istream<_Elem,_Traits> &&,std::basic_string<_Elem,_Traits,_Alloc> &)'
C:\Users\User\source\repos\CourceWorkTry\CourceWorkTry\Func.cpp(19,2): message : 'std::basic_istream<_Elem,_Traits> &std::getline(std::basic_istream<_Elem,_Traits> &&,std::basic_string<_Elem,_Traits,_Alloc> &)': expects 2 arguments - 1 provided
C:\Program Files\Microsoft Visual Studio\2022\Community\VC\Tools\MSVC\14.35.32215\include\string(26,32): message : or       'std::basic_istream<_Elem,_Traits> &std::getline(std::basic_istream<_Elem,_Traits> &&,std::basic_string<_Elem,_Traits,_Alloc> &,const _Elem)'
C:\Users\User\source\repos\CourceWorkTry\CourceWorkTry\Func.cpp(19,2): message : 'std::basic_istream<_Elem,_Traits> &std::getline(std::basic_istream<_Elem,_Traits> &&,std::basic_string<_Elem,_Traits,_Alloc> &,const _Elem)': expects 3 arguments - 1 provided
C:\Users\User\source\repos\CourceWorkTry\CourceWorkTry\Func.cpp(20,2): error C2065: 'file': undeclared identifier
C:\Users\User\source\repos\CourceWorkTry\CourceWorkTry\Func.cpp(20,15): error C2039: 'description': is not a member of 'Todo'
C:\Users\User\source\repos\CourceWorkTry\CourceWorkTry\Func.h(3,8): message : see declaration of 'Todo'
C:\Users\User\source\repos\CourceWorkTry\CourceWorkTry\Func.cpp(22,20): error C2039: 'date_todo': is not a member of 'Todo'
C:\Users\User\source\repos\CourceWorkTry\CourceWorkTry\Func.h(3,8): message : see declaration of 'Todo'
C:\Users\User\source\repos\CourceWorkTry\CourceWorkTry\Func.cpp(22,2): error C2672: 'getline': no matching overloaded function found
C:\Program Files\Microsoft Visual Studio\2022\Community\VC\Tools\MSVC\14.35.32215\include\string(83,32): message : could be 'std::basic_istream<_Elem,_Traits> &std::getline(std::basic_istream<_Elem,_Traits> &,std::basic_string<_Elem,_Traits,_Alloc> &)'
C:\Users\User\source\repos\CourceWorkTry\CourceWorkTry\Func.cpp(22,2): message : 'std::basic_istream<_Elem,_Traits> &std::getline(std::basic_istream<_Elem,_Traits> &,std::basic_string<_Elem,_Traits,_Alloc> &)': expects 2 arguments - 1 provided
C:\Program Files\Microsoft Visual Studio\2022\Community\VC\Tools\MSVC\14.35.32215\include\string(76,32): message : or       'std::basic_istream<_Elem,_Traits> &std::getline(std::basic_istream<_Elem,_Traits> &,std::basic_string<_Elem,_Traits,_Alloc> &,const _Elem)'
C:\Users\User\source\repos\CourceWorkTry\CourceWorkTry\Func.cpp(22,2): message : 'std::basic_istream<_Elem,_Traits> &std::getline(std::basic_istream<_Elem,_Traits> &,std::basic_string<_Elem,_Traits,_Alloc> &,const _Elem)': expects 3 arguments - 1 provided
C:\Program Files\Microsoft Visual Studio\2022\Community\VC\Tools\MSVC\14.35.32215\include\string(69,32): message : or       'std::basic_istream<_Elem,_Traits> &std::getline(std::basic_istream<_Elem,_Traits> &&,std::basic_string<_Elem,_Traits,_Alloc> &)'
C:\Users\User\source\repos\CourceWorkTry\CourceWorkTry\Func.cpp(22,2): message : 'std::basic_istream<_Elem,_Traits> &std::getline(std::basic_istream<_Elem,_Traits> &&,std::basic_string<_Elem,_Traits,_Alloc> &)': expects 2 arguments - 1 provided
C:\Program Files\Microsoft Visual Studio\2022\Community\VC\Tools\MSVC\14.35.32215\include\string(26,32): message : or       'std::basic_istream<_Elem,_Traits> &std::getline(std::basic_istream<_Elem,_Traits> &&,std::basic_string<_Elem,_Traits,_Alloc> &,const _Elem)'
C:\Users\User\source\repos\CourceWorkTry\CourceWorkTry\Func.cpp(22,2): message : 'std::basic_istream<_Elem,_Traits> &std::getline(std::basic_istream<_Elem,_Traits> &&,std::basic_string<_Elem,_Traits,_Alloc> &,const _Elem)': expects 3 arguments - 1 provided
C:\Users\User\source\repos\CourceWorkTry\CourceWorkTry\Func.cpp(23,2): error C2065: 'file': undeclared identifier
C:\Users\User\source\repos\CourceWorkTry\CourceWorkTry\Func.cpp(23,15): error C2039: 'date_todo': is not a member of 'Todo'
C:\Users\User\source\repos\CourceWorkTry\CourceWorkTry\Func.h(3,8): message : see declaration of 'Todo'
C:\Users\User\source\repos\CourceWorkTry\CourceWorkTry\Func.cpp(25,20): error C2039: 'time_todo': is not a member of 'Todo'
C:\Users\User\source\repos\CourceWorkTry\CourceWorkTry\Func.h(3,8): message : see declaration of 'Todo'
C:\Users\User\source\repos\CourceWorkTry\CourceWorkTry\Func.cpp(25,2): error C2672: 'getline': no matching overloaded function found
C:\Program Files\Microsoft Visual Studio\2022\Community\VC\Tools\MSVC\14.35.32215\include\string(83,32): message : could be 'std::basic_istream<_Elem,_Traits> &std::getline(std::basic_istream<_Elem,_Traits> &,std::basic_string<_Elem,_Traits,_Alloc> &)'
C:\Users\User\source\repos\CourceWorkTry\CourceWorkTry\Func.cpp(25,2): message : 'std::basic_istream<_Elem,_Traits> &std::getline(std::basic_istream<_Elem,_Traits> &,std::basic_string<_Elem,_Traits,_Alloc> &)': expects 2 arguments - 1 provided
C:\Program Files\Microsoft Visual Studio\2022\Community\VC\Tools\MSVC\14.35.32215\include\string(76,32): message : or       'std::basic_istream<_Elem,_Traits> &std::getline(std::basic_istream<_Elem,_Traits> &,std::basic_string<_Elem,_Traits,_Alloc> &,const _Elem)'
C:\Users\User\source\repos\CourceWorkTry\CourceWorkTry\Func.cpp(25,2): message : 'std::basic_istream<_Elem,_Traits> &std::getline(std::basic_istream<_Elem,_Traits> &,std::basic_string<_Elem,_Traits,_Alloc> &,const _Elem)': expects 3 arguments - 1 provided
C:\Program Files\Microsoft Visual Studio\2022\Community\VC\Tools\MSVC\14.35.32215\include\string(69,32): message : or       'std::basic_istream<_Elem,_Traits> &std::getline(std::basic_istream<_Elem,_Traits> &&,std::basic_string<_Elem,_Traits,_Alloc> &)'
C:\Users\User\source\repos\CourceWorkTry\CourceWorkTry\Func.cpp(25,2): message : 'std::basic_istream<_Elem,_Traits> &std::getline(std::basic_istream<_Elem,_Traits> &&,std::basic_string<_Elem,_Traits,_Alloc> &)': expects 2 arguments - 1 provided
C:\Program Files\Microsoft Visual Studio\2022\Community\VC\Tools\MSVC\14.35.32215\include\string(26,32): message : or       'std::basic_istream<_Elem,_Traits> &std::getline(std::basic_istream<_Elem,_Traits> &&,std::basic_string<_Elem,_Traits,_Alloc> &,const _Elem)'
C:\Users\User\source\repos\CourceWorkTry\CourceWorkTry\Func.cpp(25,2): message : 'std::basic_istream<_Elem,_Traits> &std::getline(std::basic_istream<_Elem,_Traits> &&,std::basic_string<_Elem,_Traits,_Alloc> &,const _Elem)': expects 3 arguments - 1 provided
C:\Users\User\source\repos\CourceWorkTry\CourceWorkTry\Func.cpp(26,2): error C2065: 'file': undeclared identifier
C:\Users\User\source\repos\CourceWorkTry\CourceWorkTry\Func.cpp(26,15): error C2039: 'date_todo': is not a member of 'Todo'
C:\Users\User\source\repos\CourceWorkTry\CourceWorkTry\Func.h(3,8): message : see declaration of 'Todo'
C:\Users\User\source\repos\CourceWorkTry\CourceWorkTry\Func.cpp(28,20): error C2039: 'priority': is not a member of 'Todo'
C:\Users\User\source\repos\CourceWorkTry\CourceWorkTry\Func.h(3,8): message : see declaration of 'Todo'
C:\Users\User\source\repos\CourceWorkTry\CourceWorkTry\Func.cpp(28,2): error C2672: 'getline': no matching overloaded function found
C:\Program Files\Microsoft Visual Studio\2022\Community\VC\Tools\MSVC\14.35.32215\include\string(83,32): message : could be 'std::basic_istream<_Elem,_Traits> &std::getline(std::basic_istream<_Elem,_Traits> &,std::basic_string<_Elem,_Traits,_Alloc> &)'
C:\Users\User\source\repos\CourceWorkTry\CourceWorkTry\Func.cpp(28,2): message : 'std::basic_istream<_Elem,_Traits> &std::getline(std::basic_istream<_Elem,_Traits> &,std::basic_string<_Elem,_Traits,_Alloc> &)': expects 2 arguments - 1 provided
C:\Program Files\Microsoft Visual Studio\2022\Community\VC\Tools\MSVC\14.35.32215\include\string(76,32): message : or       'std::basic_istream<_Elem,_Traits> &std::getline(std::basic_istream<_Elem,_Traits> &,std::basic_string<_Elem,_Traits,_Alloc> &,const _Elem)'
C:\Users\User\source\repos\CourceWorkTry\CourceWorkTry\Func.cpp(28,2): message : 'std::basic_istream<_Elem,_Traits> &std::getline(std::basic_istream<_Elem,_Traits> &,std::basic_string<_Elem,_Traits,_Alloc> &,const _Elem)': expects 3 arguments - 1 provided
C:\Program Files\Microsoft Visual Studio\2022\Community\VC\Tools\MSVC\14.35.32215\include\string(69,32): message : or       'std::basic_istream<_Elem,_Traits> &std::getline(std::basic_istream<_Elem,_Traits> &&,std::basic_string<_Elem,_Traits,_Alloc> &)'
C:\Users\User\source\repos\CourceWorkTry\CourceWorkTry\Func.cpp(28,2): message : 'std::basic_istream<_Elem,_Traits> &std::getline(std::basic_istream<_Elem,_Traits> &&,std::basic_string<_Elem,_Traits,_Alloc> &)': expects 2 arguments - 1 provided
C:\Program Files\Microsoft Visual Studio\2022\Community\VC\Tools\MSVC\14.35.32215\include\string(26,32): message : or       'std::basic_istream<_Elem,_Traits> &std::getline(std::basic_istream<_Elem,_Traits> &&,std::basic_string<_Elem,_Traits,_Alloc> &,const _Elem)'
C:\Users\User\source\repos\CourceWorkTry\CourceWorkTry\Func.cpp(28,2): message : 'std::basic_istream<_Elem,_Traits> &std::getline(std::basic_istream<_Elem,_Traits> &&,std::basic_string<_Elem,_Traits,_Alloc> &,const _Elem)': expects 3 arguments - 1 provided
C:\Users\User\source\repos\CourceWorkTry\CourceWorkTry\Func.cpp(29,2): error C2065: 'file': undeclared identifier
C:\Users\User\source\repos\CourceWorkTry\CourceWorkTry\Func.cpp(29,15): error C2039: 'priority': is not a member of 'Todo'
C:\Users\User\source\repos\CourceWorkTry\CourceWorkTry\Func.h(3,8): message : see declaration of 'Todo'
C:\Users\User\source\repos\CourceWorkTry\CourceWorkTry\Func.cpp(30,2): error C2065: 'file': undeclared identifier
C:\Users\User\source\repos\CourceWorkTry\CourceWorkTry\Func.cpp(74,32): error C2039: 'task': is not a member of 'Todo'
C:\Users\User\source\repos\CourceWorkTry\CourceWorkTry\Func.h(3,8): message : see declaration of 'Todo'
C:\Users\User\source\repos\CourceWorkTry\CourceWorkTry\Func.cpp(74,3): error C2672: 'getline': no matching overloaded function found
C:\Program Files\Microsoft Visual Studio\2022\Community\VC\Tools\MSVC\14.35.32215\include\string(83,32): message : could be 'std::basic_istream<_Elem,_Traits> &std::getline(std::basic_istream<_Elem,_Traits> &,std::basic_string<_Elem,_Traits,_Alloc> &)'
C:\Users\User\source\repos\CourceWorkTry\CourceWorkTry\Func.cpp(74,3): message : 'std::basic_istream<_Elem,_Traits> &std::getline(std::basic_istream<_Elem,_Traits> &,std::basic_string<_Elem,_Traits,_Alloc> &)': expects 2 arguments - 1 provided
C:\Program Files\Microsoft Visual Studio\2022\Community\VC\Tools\MSVC\14.35.32215\include\string(76,32): message : or       'std::basic_istream<_Elem,_Traits> &std::getline(std::basic_istream<_Elem,_Traits> &,std::basic_string<_Elem,_Traits,_Alloc> &,const _Elem)'
C:\Users\User\source\repos\CourceWorkTry\CourceWorkTry\Func.cpp(74,3): message : 'std::basic_istream<_Elem,_Traits> &std::getline(std::basic_istream<_Elem,_Traits> &,std::basic_string<_Elem,_Traits,_Alloc> &,const _Elem)': expects 3 arguments - 1 provided
C:\Program Files\Microsoft Visual Studio\2022\Community\VC\Tools\MSVC\14.35.32215\include\string(69,32): message : or       'std::basic_istream<_Elem,_Traits> &std::getline(std::basic_istream<_Elem,_Traits> &&,std::basic_string<_Elem,_Traits,_Alloc> &)'
C:\Users\User\source\repos\CourceWorkTry\CourceWorkTry\Func.cpp(74,3): message : 'std::basic_istream<_Elem,_Traits> &std::getline(std::basic_istream<_Elem,_Traits> &&,std::basic_string<_Elem,_Traits,_Alloc> &)': expects 2 arguments - 1 provided
C:\Program Files\Microsoft Visual Studio\2022\Community\VC\Tools\MSVC\14.35.32215\include\string(26,32): message : or       'std::basic_istream<_Elem,_Traits> &std::getline(std::basic_istream<_Elem,_Traits> &&,std::basic_string<_Elem,_Traits,_Alloc> &,const _Elem)'
C:\Users\User\source\repos\CourceWorkTry\CourceWorkTry\Func.cpp(74,3): message : 'std::basic_istream<_Elem,_Traits> &std::getline(std::basic_istream<_Elem,_Traits> &&,std::basic_string<_Elem,_Traits,_Alloc> &,const _Elem)': expects 3 arguments - 1 provided
C:\Users\User\source\repos\CourceWorkTry\CourceWorkTry\Func.cpp(79,32): error C2039: 'description': is not a member of 'Todo'
C:\Users\User\source\repos\CourceWorkTry\CourceWorkTry\Func.h(3,8): message : see declaration of 'Todo'
C:\Users\User\source\repos\CourceWorkTry\CourceWorkTry\Func.cpp(79,3): error C2672: 'getline': no matching overloaded function found
C:\Program Files\Microsoft Visual Studio\2022\Community\VC\Tools\MSVC\14.35.32215\include\string(83,32): message : could be 'std::basic_istream<_Elem,_Traits> &std::getline(std::basic_istream<_Elem,_Traits> &,std::basic_string<_Elem,_Traits,_Alloc> &)'
C:\Users\User\source\repos\CourceWorkTry\CourceWorkTry\Func.cpp(79,3): message : 'std::basic_istream<_Elem,_Traits> &std::getline(std::basic_istream<_Elem,_Traits> &,std::basic_string<_Elem,_Traits,_Alloc> &)': expects 2 arguments - 1 provided
C:\Program Files\Microsoft Visual Studio\2022\Community\VC\Tools\MSVC\14.35.32215\include\string(76,32): message : or       'std::basic_istream<_Elem,_Traits> &std::getline(std::basic_istream<_Elem,_Traits> &,std::basic_string<_Elem,_Traits,_Alloc> &,const _Elem)'
C:\Users\User\source\repos\CourceWorkTry\CourceWorkTry\Func.cpp(79,3): message : 'std::basic_istream<_Elem,_Traits> &std::getline(std::basic_istream<_Elem,_Traits> &,std::basic_string<_Elem,_Traits,_Alloc> &,const _Elem)': expects 3 arguments - 1 provided
C:\Program Files\Microsoft Visual Studio\2022\Community\VC\Tools\MSVC\14.35.32215\include\string(69,32): message : or       'std::basic_istream<_Elem,_Traits> &std::getline(std::basic_istream<_Elem,_Traits> &&,std::basic_string<_Elem,_Traits,_Alloc> &)'
C:\Users\User\source\repos\CourceWorkTry\CourceWorkTry\Func.cpp(79,3): message : 'std::basic_istream<_Elem,_Traits> &std::getline(std::basic_istream<_Elem,_Traits> &&,std::basic_string<_Elem,_Traits,_Alloc> &)': expects 2 arguments - 1 provided
C:\Program Files\Microsoft Visual Studio\2022\Community\VC\Tools\MSVC\14.35.32215\include\string(26,32): message : or       'std::basic_istream<_Elem,_Traits> &std::getline(std::basic_istream<_Elem,_Traits> &&,std::basic_string<_Elem,_Traits,_Alloc> &,const _Elem)'
C:\Users\User\source\repos\CourceWorkTry\CourceWorkTry\Func.cpp(79,3): message : 'std::basic_istream<_Elem,_Traits> &std::getline(std::basic_istream<_Elem,_Traits> &&,std::basic_string<_Elem,_Traits,_Alloc> &,const _Elem)': expects 3 arguments - 1 provided
C:\Users\User\source\repos\CourceWorkTry\CourceWorkTry\Func.cpp(84,32): error C2039: 'date_todo': is not a member of 'Todo'
C:\Users\User\source\repos\CourceWorkTry\CourceWorkTry\Func.h(3,8): message : see declaration of 'Todo'
C:\Users\User\source\repos\CourceWorkTry\CourceWorkTry\Func.cpp(84,3): error C2672: 'getline': no matching overloaded function found
C:\Program Files\Microsoft Visual Studio\2022\Community\VC\Tools\MSVC\14.35.32215\include\string(83,32): message : could be 'std::basic_istream<_Elem,_Traits> &std::getline(std::basic_istream<_Elem,_Traits> &,std::basic_string<_Elem,_Traits,_Alloc> &)'
C:\Users\User\source\repos\CourceWorkTry\CourceWorkTry\Func.cpp(84,3): message : 'std::basic_istream<_Elem,_Traits> &std::getline(std::basic_istream<_Elem,_Traits> &,std::basic_string<_Elem,_Traits,_Alloc> &)': expects 2 arguments - 1 provided
C:\Program Files\Microsoft Visual Studio\2022\Community\VC\Tools\MSVC\14.35.32215\include\string(76,32): message : or       'std::basic_istream<_Elem,_Traits> &std::getline(std::basic_istream<_Elem,_Traits> &,std::basic_string<_Elem,_Traits,_Alloc> &,const _Elem)'
C:\Users\User\source\repos\CourceWorkTry\CourceWorkTry\Func.cpp(84,3): message : 'std::basic_istream<_Elem,_Traits> &std::getline(std::basic_istream<_Elem,_Traits> &,std::basic_string<_Elem,_Traits,_Alloc> &,const _Elem)': expects 3 arguments - 1 provided
C:\Program Files\Microsoft Visual Studio\2022\Community\VC\Tools\MSVC\14.35.32215\include\string(69,32): message : or       'std::basic_istream<_Elem,_Traits> &std::getline(std::basic_istream<_Elem,_Traits> &&,std::basic_string<_Elem,_Traits,_Alloc> &)'
C:\Users\User\source\repos\CourceWorkTry\CourceWorkTry\Func.cpp(84,3): message : 'std::basic_istream<_Elem,_Traits> &std::getline(std::basic_istream<_Elem,_Traits> &&,std::basic_string<_Elem,_Traits,_Alloc> &)': expects 2 arguments - 1 provided
C:\Program Files\Microsoft Visual Studio\2022\Community\VC\Tools\MSVC\14.35.32215\include\string(26,32): message : or       'std::basic_istream<_Elem,_Traits> &std::getline(std::basic_istream<_Elem,_Traits> &&,std::basic_string<_Elem,_Traits,_Alloc> &,const _Elem)'
C:\Users\User\source\repos\CourceWorkTry\CourceWorkTry\Func.cpp(84,3): message : 'std::basic_istream<_Elem,_Traits> &std::getline(std::basic_istream<_Elem,_Traits> &&,std::basic_string<_Elem,_Traits,_Alloc> &,const _Elem)': expects 3 arguments - 1 provided
C:\Users\User\source\repos\CourceWorkTry\CourceWorkTry\Func.cpp(89,32): error C2039: 'time_todo': is not a member of 'Todo'
C:\Users\User\source\repos\CourceWorkTry\CourceWorkTry\Func.h(3,8): message : see declaration of 'Todo'
C:\Users\User\source\repos\CourceWorkTry\CourceWorkTry\Func.cpp(89,3): error C2672: 'getline': no matching overloaded function found
C:\Program Files\Microsoft Visual Studio\2022\Community\VC\Tools\MSVC\14.35.32215\include\string(83,32): message : could be 'std::basic_istream<_Elem,_Traits> &std::getline(std::basic_istream<_Elem,_Traits> &,std::basic_string<_Elem,_Traits,_Alloc> &)'
C:\Users\User\source\repos\CourceWorkTry\CourceWorkTry\Func.cpp(89,3): message : 'std::basic_istream<_Elem,_Traits> &std::getline(std::basic_istream<_Elem,_Traits> &,std::basic_string<_Elem,_Traits,_Alloc> &)': expects 2 arguments - 1 provided
C:\Program Files\Microsoft Visual Studio\2022\Community\VC\Tools\MSVC\14.35.32215\include\string(76,32): message : or       'std::basic_istream<_Elem,_Traits> &std::getline(std::basic_istream<_Elem,_Traits> &,std::basic_string<_Elem,_Traits,_Alloc> &,const _Elem)'
C:\Users\User\source\repos\CourceWorkTry\CourceWorkTry\Func.cpp(89,3): message : 'std::basic_istream<_Elem,_Traits> &std::getline(std::basic_istream<_Elem,_Traits> &,std::basic_string<_Elem,_Traits,_Alloc> &,const _Elem)': expects 3 arguments - 1 provided
C:\Program Files\Microsoft Visual Studio\2022\Community\VC\Tools\MSVC\14.35.32215\include\string(69,32): message : or       'std::basic_istream<_Elem,_Traits> &std::getline(std::basic_istream<_Elem,_Traits> &&,std::basic_string<_Elem,_Traits,_Alloc> &)'
C:\Users\User\source\repos\CourceWorkTry\CourceWorkTry\Func.cpp(89,3): message : 'std::basic_istream<_Elem,_Traits> &std::getline(std::basic_istream<_Elem,_Traits> &&,std::basic_string<_Elem,_Traits,_Alloc> &)': expects 2 arguments - 1 provided
C:\Program Files\Microsoft Visual Studio\2022\Community\VC\Tools\MSVC\14.35.32215\include\string(26,32): message : or       'std::basic_istream<_Elem,_Traits> &std::getline(std::basic_istream<_Elem,_Traits> &&,std::basic_string<_Elem,_Traits,_Alloc> &,const _Elem)'
C:\Users\User\source\repos\CourceWorkTry\CourceWorkTry\Func.cpp(89,3): message : 'std::basic_istream<_Elem,_Traits> &std::getline(std::basic_istream<_Elem,_Traits> &&,std::basic_string<_Elem,_Traits,_Alloc> &,const _Elem)': expects 3 arguments - 1 provided
C:\Users\User\source\repos\CourceWorkTry\CourceWorkTry\Func.cpp(94,32): error C2039: 'priority': is not a member of 'Todo'
C:\Users\User\source\repos\CourceWorkTry\CourceWorkTry\Func.h(3,8): message : see declaration of 'Todo'
C:\Users\User\source\repos\CourceWorkTry\CourceWorkTry\Func.cpp(94,3): error C2672: 'getline': no matching overloaded function found
C:\Program Files\Microsoft Visual Studio\2022\Community\VC\Tools\MSVC\14.35.32215\include\string(83,32): message : could be 'std::basic_istream<_Elem,_Traits> &std::getline(std::basic_istream<_Elem,_Traits> &,std::basic_string<_Elem,_Traits,_Alloc> &)'
C:\Users\User\source\repos\CourceWorkTry\CourceWorkTry\Func.cpp(94,3): message : 'std::basic_istream<_Elem,_Traits> &std::getline(std::basic_istream<_Elem,_Traits> &,std::basic_string<_Elem,_Traits,_Alloc> &)': expects 2 arguments - 1 provided
C:\Program Files\Microsoft Visual Studio\2022\Community\VC\Tools\MSVC\14.35.32215\include\string(76,32): message : or       'std::basic_istream<_Elem,_Traits> &std::getline(std::basic_istream<_Elem,_Traits> &,std::basic_string<_Elem,_Traits,_Alloc> &,const _Elem)'
C:\Users\User\source\repos\CourceWorkTry\CourceWorkTry\Func.cpp(94,3): message : 'std::basic_istream<_Elem,_Traits> &std::getline(std::basic_istream<_Elem,_Traits> &,std::basic_string<_Elem,_Traits,_Alloc> &,const _Elem)': expects 3 arguments - 1 provided
C:\Program Files\Microsoft Visual Studio\2022\Community\VC\Tools\MSVC\14.35.32215\include\string(69,32): message : or       'std::basic_istream<_Elem,_Traits> &std::getline(std::basic_istream<_Elem,_Traits> &&,std::basic_string<_Elem,_Traits,_Alloc> &)'
C:\Users\User\source\repos\CourceWorkTry\CourceWorkTry\Func.cpp(94,3): message : 'std::basic_istream<_Elem,_Traits> &std::getline(std::basic_istream<_Elem,_Traits> &&,std::basic_string<_Elem,_Traits,_Alloc> &)': expects 2 arguments - 1 provided
C:\Program Files\Microsoft Visual Studio\2022\Community\VC\Tools\MSVC\14.35.32215\include\string(26,32): message : or       'std::basic_istream<_Elem,_Traits> &std::getline(std::basic_istream<_Elem,_Traits> &&,std::basic_string<_Elem,_Traits,_Alloc> &,const _Elem)'
C:\Users\User\source\repos\CourceWorkTry\CourceWorkTry\Func.cpp(94,3): message : 'std::basic_istream<_Elem,_Traits> &std::getline(std::basic_istream<_Elem,_Traits> &&,std::basic_string<_Elem,_Traits,_Alloc> &,const _Elem)': expects 3 arguments - 1 provided
C:\Users\User\source\repos\CourceWorkTry\CourceWorkTry\Func.cpp(102,2): error C2065: 'file': undeclared identifier
C:\Users\User\source\repos\CourceWorkTry\CourceWorkTry\Func.cpp(103,2): error C2065: 'file': undeclared identifier
C:\Users\User\source\repos\CourceWorkTry\CourceWorkTry\Func.cpp(111,10): error C2872: 'fstream': ambiguous symbol
C:\Users\User\source\repos\CourceWorkTry\CourceWorkTry\Func.h(11,1): message : could be 'int fstream'
C:\Program Files\Microsoft Visual Studio\2022\Community\VC\Tools\MSVC\14.35.32215\include\iosfwd(245,19): message : or       'std::fstream'
C:\Users\User\source\repos\CourceWorkTry\CourceWorkTry\Func.cpp(111,14): error C2872: 'fstream': ambiguous symbol
C:\Users\User\source\repos\CourceWorkTry\CourceWorkTry\Func.h(11,1): message : could be 'int fstream'
C:\Program Files\Microsoft Visual Studio\2022\Community\VC\Tools\MSVC\14.35.32215\include\iosfwd(245,19): message : or       'std::fstream'
C:\Users\User\source\repos\CourceWorkTry\CourceWorkTry\Func.cpp(111,10): error C2146: syntax error: missing ';' before identifier 'file'
C:\Users\User\source\repos\CourceWorkTry\CourceWorkTry\Func.cpp(111,10): error C2065: 'file': undeclared identifier
C:\Users\User\source\repos\CourceWorkTry\CourceWorkTry\Func.cpp(112,2): error C2065: 'file': undeclared identifier
C:\Users\User\source\repos\CourceWorkTry\CourceWorkTry\Func.cpp(113,6): error C2065: 'file': undeclared identifier
C:\Users\User\source\repos\CourceWorkTry\CourceWorkTry\Func.cpp(116,18): error C2065: 'file': undeclared identifier
C:\Users\User\source\repos\CourceWorkTry\CourceWorkTry\Func.cpp(120,3): error C2065: 'file': undeclared identifier
C:\Users\User\source\repos\CourceWorkTry\CourceWorkTry\Func.cpp(121,3): error C2065: 'file': undeclared identifier
C:\Users\User\source\repos\CourceWorkTry\CourceWorkTry\Func.cpp(125,12): error C2065: 'file': undeclared identifier
C:\Users\User\source\repos\CourceWorkTry\CourceWorkTry\Func.cpp(125,30): error C2039: 'task': is not a member of 'Todo'
C:\Users\User\source\repos\CourceWorkTry\CourceWorkTry\Func.h(3,8): message : see declaration of 'Todo'
C:\Users\User\source\repos\CourceWorkTry\CourceWorkTry\Func.cpp(126,12): error C2065: 'file': undeclared identifier
C:\Users\User\source\repos\CourceWorkTry\CourceWorkTry\Func.cpp(126,30): error C2039: 'description': is not a member of 'Todo'
C:\Users\User\source\repos\CourceWorkTry\CourceWorkTry\Func.h(3,8): message : see declaration of 'Todo'
C:\Users\User\source\repos\CourceWorkTry\CourceWorkTry\Func.cpp(127,12): error C2065: 'file': undeclared identifier
C:\Users\User\source\repos\CourceWorkTry\CourceWorkTry\Func.cpp(127,30): error C2039: 'date_todo': is not a member of 'Todo'
C:\Users\User\source\repos\CourceWorkTry\CourceWorkTry\Func.h(3,8): message : see declaration of 'Todo'
C:\Users\User\source\repos\CourceWorkTry\CourceWorkTry\Func.cpp(128,12): error C2065: 'file': undeclared identifier
C:\Users\User\source\repos\CourceWorkTry\CourceWorkTry\Func.cpp(128,30): error C2039: 'time_todo': is not a member of 'Todo'
C:\Users\User\source\repos\CourceWorkTry\CourceWorkTry\Func.h(3,8): message : see declaration of 'Todo'
C:\Users\User\source\repos\CourceWorkTry\CourceWorkTry\Func.cpp(129,12): error C2065: 'file': undeclared identifier
C:\Users\User\source\repos\CourceWorkTry\CourceWorkTry\Func.cpp(129,30): error C2039: 'priority': is not a member of 'Todo'
C:\Users\User\source\repos\CourceWorkTry\CourceWorkTry\Func.h(3,8): message : see declaration of 'Todo'
C:\Users\User\source\repos\CourceWorkTry\CourceWorkTry\Func.cpp(133,2): error C2065: 'file': undeclared identifier
C:\Users\User\source\repos\CourceWorkTry\CourceWorkTry\Func.cpp(139,2): error C2065: 'file': undeclared identifier
C:\Users\User\source\repos\CourceWorkTry\CourceWorkTry\Func.cpp(140,2): error C2065: 'file': undeclared identifier
C:\Users\User\source\repos\CourceWorkTry\CourceWorkTry\Func.cpp(141,2): error C2065: 'file': undeclared identifier
C:\Users\User\source\repos\CourceWorkTry\CourceWorkTry\Func.cpp(142,6): error C2065: 'file': undeclared identifier
C:\Users\User\source\repos\CourceWorkTry\CourceWorkTry\Func.cpp(144,4): error C2065: 'file': undeclared identifier
C:\Users\User\source\repos\CourceWorkTry\CourceWorkTry\Func.cpp(144,24): error C2039: 'task': is not a member of 'Todo'
C:\Users\User\source\repos\CourceWorkTry\CourceWorkTry\Func.h(3,8): message : see declaration of 'Todo'
C:\Users\User\source\repos\CourceWorkTry\CourceWorkTry\Func.cpp(145,4): error C2065: 'file': undeclared identifier
C:\Users\User\source\repos\CourceWorkTry\CourceWorkTry\Func.cpp(145,24): error C2039: 'description': is not a member of 'Todo'
C:\Users\User\source\repos\CourceWorkTry\CourceWorkTry\Func.h(3,8): message : see declaration of 'Todo'
C:\Users\User\source\repos\CourceWorkTry\CourceWorkTry\Func.cpp(146,4): error C2065: 'file': undeclared identifier
C:\Users\User\source\repos\CourceWorkTry\CourceWorkTry\Func.cpp(146,24): error C2039: 'date_todo': is not a member of 'Todo'
C:\Users\User\source\repos\CourceWorkTry\CourceWorkTry\Func.h(3,8): message : see declaration of 'Todo'
C:\Users\User\source\repos\CourceWorkTry\CourceWorkTry\Func.cpp(147,4): error C2065: 'file': undeclared identifier
C:\Users\User\source\repos\CourceWorkTry\CourceWorkTry\Func.cpp(147,24): error C2039: 'time_todo': is not a member of 'Todo'
C:\Users\User\source\repos\CourceWorkTry\CourceWorkTry\Func.h(3,8): message : see declaration of 'Todo'
C:\Users\User\source\repos\CourceWorkTry\CourceWorkTry\Func.cpp(148,4): error C2065: 'file': undeclared identifier
C:\Users\User\source\repos\CourceWorkTry\CourceWorkTry\Func.cpp(148,24): error C2039: 'priority': is not a member of 'Todo'
C:\Users\User\source\repos\CourceWorkTry\CourceWorkTry\Func.h(3,8): message : see declaration of 'Todo'
C:\Users\User\source\repos\CourceWorkTry\CourceWorkTry\Func.cpp(151,2): error C2065: 'file': undeclared identifier
C:\Users\User\source\repos\CourceWorkTry\CourceWorkTry\Func.cpp(160,35): error C2039: 'task': is not a member of 'Todo'
C:\Users\User\source\repos\CourceWorkTry\CourceWorkTry\Func.h(3,8): message : see declaration of 'Todo'
C:\Users\User\source\repos\CourceWorkTry\CourceWorkTry\Func.cpp(161,42): error C2039: 'description': is not a member of 'Todo'
C:\Users\User\source\repos\CourceWorkTry\CourceWorkTry\Func.h(3,8): message : see declaration of 'Todo'
C:\Users\User\source\repos\CourceWorkTry\CourceWorkTry\Func.cpp(162,35): error C2039: 'date_todo': is not a member of 'Todo'
C:\Users\User\source\repos\CourceWorkTry\CourceWorkTry\Func.h(3,8): message : see declaration of 'Todo'
C:\Users\User\source\repos\CourceWorkTry\CourceWorkTry\Func.cpp(164,35): error C2039: 'time_todo': is not a member of 'Todo'
C:\Users\User\source\repos\CourceWorkTry\CourceWorkTry\Func.h(3,8): message : see declaration of 'Todo'
C:\Users\User\source\repos\CourceWorkTry\CourceWorkTry\Func.cpp(165,39): error C2039: 'priority': is not a member of 'Todo'
C:\Users\User\source\repos\CourceWorkTry\CourceWorkTry\Func.h(3,8): message : see declaration of 'Todo'
C:\Users\User\source\repos\CourceWorkTry\CourceWorkTry\Func.cpp(177,20): error C2039: 'date_todo': is not a member of 'Todo'
C:\Users\User\source\repos\CourceWorkTry\CourceWorkTry\Func.h(3,8): message : see declaration of 'Todo'
C:\Users\User\source\repos\CourceWorkTry\CourceWorkTry\Func.cpp(177,44): error C2039: 'date_todo': is not a member of 'Todo'
C:\Users\User\source\repos\CourceWorkTry\CourceWorkTry\Func.h(3,8): message : see declaration of 'Todo'
C:\Users\User\source\repos\CourceWorkTry\CourceWorkTry\Func.cpp(192,20): error C2039: 'priority': is not a member of 'Todo'
C:\Users\User\source\repos\CourceWorkTry\CourceWorkTry\Func.h(3,8): message : see declaration of 'Todo'
C:\Users\User\source\repos\CourceWorkTry\CourceWorkTry\Func.cpp(192,43): error C2039: 'priority': is not a member of 'Todo'
C:\Users\User\source\repos\CourceWorkTry\CourceWorkTry\Func.h(3,8): message : see declaration of 'Todo'
C:\Users\User\source\repos\CourceWorkTry\CourceWorkTry\Func.cpp(208,19): error C2039: 'date_todo': is not a member of 'Todo'
C:\Users\User\source\repos\CourceWorkTry\CourceWorkTry\Func.h(3,8): message : see declaration of 'Todo'
C:\Users\User\source\repos\CourceWorkTry\CourceWorkTry\Func.cpp(210,36): error C2039: 'task': is not a member of 'Todo'
C:\Users\User\source\repos\CourceWorkTry\CourceWorkTry\Func.h(3,8): message : see declaration of 'Todo'
C:\Users\User\source\repos\CourceWorkTry\CourceWorkTry\Func.cpp(211,43): error C2039: 'description': is not a member of 'Todo'
C:\Users\User\source\repos\CourceWorkTry\CourceWorkTry\Func.h(3,8): message : see declaration of 'Todo'
C:\Users\User\source\repos\CourceWorkTry\CourceWorkTry\Func.cpp(212,36): error C2039: 'date_todo': is not a member of 'Todo'
C:\Users\User\source\repos\CourceWorkTry\CourceWorkTry\Func.h(3,8): message : see declaration of 'Todo'
C:\Users\User\source\repos\CourceWorkTry\CourceWorkTry\Func.cpp(214,36): error C2039: 'time_todo': is not a member of 'Todo'
C:\Users\User\source\repos\CourceWorkTry\CourceWorkTry\Func.h(3,8): message : see declaration of 'Todo'
C:\Users\User\source\repos\CourceWorkTry\CourceWorkTry\Func.cpp(215,40): error C2039: 'priority': is not a member of 'Todo'
C:\Users\User\source\repos\CourceWorkTry\CourceWorkTry\Func.h(3,8): message : see declaration of 'Todo'
C:\Users\User\source\repos\CourceWorkTry\CourceWorkTry\Func.cpp(229,19): error C2039: 'priority': is not a member of 'Todo'
C:\Users\User\source\repos\CourceWorkTry\CourceWorkTry\Func.h(3,8): message : see declaration of 'Todo'
C:\Users\User\source\repos\CourceWorkTry\CourceWorkTry\Func.cpp(231,36): error C2039: 'task': is not a member of 'Todo'
C:\Users\User\source\repos\CourceWorkTry\CourceWorkTry\Func.h(3,8): message : see declaration of 'Todo'
C:\Users\User\source\repos\CourceWorkTry\CourceWorkTry\Func.cpp(232,43): error C2039: 'description': is not a member of 'Todo'
C:\Users\User\source\repos\CourceWorkTry\CourceWorkTry\Func.h(3,8): message : see declaration of 'Todo'
C:\Users\User\source\repos\CourceWorkTry\CourceWorkTry\Func.cpp(233,36): error C2039: 'date_todo': is not a member of 'Todo'
C:\Users\User\source\repos\CourceWorkTry\CourceWorkTry\Func.h(3,8): message : see declaration of 'Todo'
C:\Users\User\source\repos\CourceWorkTry\CourceWorkTry\Func.cpp(235,36): error C2039: 'time_todo': is not a member of 'Todo'
C:\Users\User\source\repos\CourceWorkTry\CourceWorkTry\Func.h(3,8): message : see declaration of 'Todo'
C:\Users\User\source\repos\CourceWorkTry\CourceWorkTry\Func.cpp(236,40): error C2039: 'priority': is not a member of 'Todo'
C:\Users\User\source\repos\CourceWorkTry\CourceWorkTry\Func.h(3,8): message : see declaration of 'Todo'
  Source.cpp
C:\Users\User\source\repos\CourceWorkTry\CourceWorkTry\Func.h(4,9): error C3646: 'task': unknown override specifier
C:\Users\User\source\repos\CourceWorkTry\CourceWorkTry\Func.h(4,13): error C4430: missing type specifier - int assumed. Note: C++ does not support default-int
C:\Users\User\source\repos\CourceWorkTry\CourceWorkTry\Func.h(5,9): error C3646: 'description': unknown override specifier
C:\Users\User\source\repos\CourceWorkTry\CourceWorkTry\Func.h(5,20): error C4430: missing type specifier - int assumed. Note: C++ does not support default-int
C:\Users\User\source\repos\CourceWorkTry\CourceWorkTry\Func.h(6,9): error C3646: 'date_todo': unknown override specifier
C:\Users\User\source\repos\CourceWorkTry\CourceWorkTry\Func.h(6,18): error C4430: missing type specifier - int assumed. Note: C++ does not support default-int
C:\Users\User\source\repos\CourceWorkTry\CourceWorkTry\Func.h(7,9): error C3646: 'time_todo': unknown override specifier
C:\Users\User\source\repos\CourceWorkTry\CourceWorkTry\Func.h(7,18): error C4430: missing type specifier - int assumed. Note: C++ does not support default-int
C:\Users\User\source\repos\CourceWorkTry\CourceWorkTry\Func.h(8,9): error C3646: 'priority': unknown override specifier
C:\Users\User\source\repos\CourceWorkTry\CourceWorkTry\Func.h(8,17): error C4430: missing type specifier - int assumed. Note: C++ does not support default-int
C:\Users\User\source\repos\CourceWorkTry\CourceWorkTry\Func.h(11,13): error C4430: missing type specifier - int assumed. Note: C++ does not support default-int
C:\Users\User\source\repos\CourceWorkTry\CourceWorkTry\Func.h(11,9): error C2146: syntax error: missing ';' before identifier 'file'
C:\Users\User\source\repos\CourceWorkTry\CourceWorkTry\Source.cpp(11,13): warning C4326: return type of 'main' should be 'int' instead of 'void'
C:\Users\User\source\repos\CourceWorkTry\CourceWorkTry\Source.cpp(95,33): error C2039: 'task': is not a member of 'Todo'
C:\Users\User\source\repos\CourceWorkTry\CourceWorkTry\Func.h(3,8): message : see declaration of 'Todo'
C:\Users\User\source\repos\CourceWorkTry\CourceWorkTry\Source.cpp(117,5): error C2065: 'file': undeclared identifier
C:\Users\User\source\repos\CourceWorkTry\CourceWorkTry\Source.cpp(118,5): error C2065: 'file': undeclared identifier
C:\Users\User\source\repos\CourceWorkTry\CourceWorkTry\Source.cpp(126,33): error C2039: 'task': is not a member of 'Todo'
C:\Users\User\source\repos\CourceWorkTry\CourceWorkTry\Func.h(3,8): message : see declaration of 'Todo'
C:\Users\User\source\repos\CourceWorkTry\CourceWorkTry\Source.cpp(129,7): error C2065: 'file': undeclared identifier
C:\Users\User\source\repos\CourceWorkTry\CourceWorkTry\Source.cpp(130,7): error C2065: 'file': undeclared identifier
  Generating Code...
